----------------------------------------------------------------------
process logger: Thu Sep 12 22:45:44 2019
----------------------------------------------------------------------

{'username': 'root', 'name': 'systemd', 'pid': 1, 'vms': 220.41015625}
{'username': 'root', 'name': 'kthreadd', 'pid': 2, 'vms': 0.0}
{'username': 'root', 'name': 'kworker/0:0H', 'pid': 4, 'vms': 0.0}
{'username': 'root', 'name': 'mm_percpu_wq', 'pid': 6, 'vms': 0.0}
{'username': 'root', 'name': 'ksoftirqd/0', 'pid': 7, 'vms': 0.0}
{'username': 'root', 'name': 'rcu_sched', 'pid': 8, 'vms': 0.0}
{'username': 'root', 'name': 'rcu_bh', 'pid': 9, 'vms': 0.0}
{'username': 'root', 'name': 'migration/0', 'pid': 10, 'vms': 0.0}
{'username': 'root', 'name': 'watchdog/0', 'pid': 11, 'vms': 0.0}
{'username': 'root', 'name': 'cpuhp/0', 'pid': 12, 'vms': 0.0}
{'username': 'root', 'name': 'cpuhp/1', 'pid': 13, 'vms': 0.0}
{'username': 'root', 'name': 'watchdog/1', 'pid': 14, 'vms': 0.0}
{'username': 'root', 'name': 'migration/1', 'pid': 15, 'vms': 0.0}
{'username': 'root', 'name': 'ksoftirqd/1', 'pid': 16, 'vms': 0.0}
{'username': 'root', 'name': 'kworker/1:0H', 'pid': 18, 'vms': 0.0}
{'username': 'root', 'name': 'cpuhp/2', 'pid': 19, 'vms': 0.0}
{'username': 'root', 'name': 'watchdog/2', 'pid': 20, 'vms': 0.0}
{'username': 'root', 'name': 'migration/2', 'pid': 21, 'vms': 0.0}
{'username': 'root', 'name': 'ksoftirqd/2', 'pid': 22, 'vms': 0.0}
{'username': 'root', 'name': 'kworker/2:0H', 'pid': 24, 'vms': 0.0}
{'username': 'root', 'name': 'cpuhp/3', 'pid': 25, 'vms': 0.0}
{'username': 'root', 'name': 'watchdog/3', 'pid': 26, 'vms': 0.0}
{'username': 'root', 'name': 'migration/3', 'pid': 27, 'vms': 0.0}
{'username': 'root', 'name': 'ksoftirqd/3', 'pid': 28, 'vms': 0.0}
{'username': 'root', 'name': 'kworker/3:0H', 'pid': 30, 'vms': 0.0}
{'username': 'root', 'name': 'kdevtmpfs', 'pid': 31, 'vms': 0.0}
{'username': 'root', 'name': 'netns', 'pid': 32, 'vms': 0.0}
{'username': 'root', 'name': 'rcu_tasks_kthre', 'pid': 33, 'vms': 0.0}
{'username': 'root', 'name': 'kauditd', 'pid': 34, 'vms': 0.0}
{'username': 'root', 'name': 'khungtaskd', 'pid': 38, 'vms': 0.0}
{'username': 'root', 'name': 'oom_reaper', 'pid': 39, 'vms': 0.0}
{'username': 'root', 'name': 'writeback', 'pid': 40, 'vms': 0.0}
{'username': 'root', 'name': 'kcompactd0', 'pid': 41, 'vms': 0.0}
{'username': 'root', 'name': 'ksmd', 'pid': 42, 'vms': 0.0}
{'username': 'root', 'name': 'khugepaged', 'pid': 43, 'vms': 0.0}
{'username': 'root', 'name': 'crypto', 'pid': 44, 'vms': 0.0}
{'username': 'root', 'name': 'kintegrityd', 'pid': 45, 'vms': 0.0}
{'username': 'root', 'name': 'kblockd', 'pid': 46, 'vms': 0.0}
{'username': 'root', 'name': 'ata_sff', 'pid': 48, 'vms': 0.0}
{'username': 'root', 'name': 'md', 'pid': 49, 'vms': 0.0}
{'username': 'root', 'name': 'edac-poller', 'pid': 50, 'vms': 0.0}
{'username': 'root', 'name': 'devfreq_wq', 'pid': 51, 'vms': 0.0}
{'username': 'root', 'name': 'watchdogd', 'pid': 52, 'vms': 0.0}
{'username': 'root', 'name': 'kswapd0', 'pid': 56, 'vms': 0.0}
{'username': 'root', 'name': 'ecryptfs-kthrea', 'pid': 57, 'vms': 0.0}
{'username': 'root', 'name': 'kthrotld', 'pid': 99, 'vms': 0.0}
{'username': 'root', 'name': 'acpi_thermal_pm', 'pid': 100, 'vms': 0.0}
{'username': 'root', 'name': 'ipv6_addrconf', 'pid': 105, 'vms': 0.0}
{'username': 'root', 'name': 'kstrp', 'pid': 115, 'vms': 0.0}
{'username': 'root', 'name': 'charger_manager', 'pid': 132, 'vms': 0.0}
{'username': 'root', 'name': 'scsi_eh_0', 'pid': 179, 'vms': 0.0}
{'username': 'root', 'name': 'scsi_tmf_0', 'pid': 180, 'vms': 0.0}
{'username': 'root', 'name': 'scsi_eh_1', 'pid': 181, 'vms': 0.0}
{'username': 'root', 'name': 'scsi_tmf_1', 'pid': 182, 'vms': 0.0}
{'username': 'root', 'name': 'kworker/u9:0', 'pid': 183, 'vms': 0.0}
{'username': 'root', 'name': 'i915/signal:0', 'pid': 184, 'vms': 0.0}
{'username': 'root', 'name': 'i915/signal:1', 'pid': 185, 'vms': 0.0}
{'username': 'root', 'name': 'i915/signal:2', 'pid': 186, 'vms': 0.0}
{'username': 'root', 'name': 'i915/signal:4', 'pid': 187, 'vms': 0.0}
{'username': 'root', 'name': 'kworker/2:1H', 'pid': 219, 'vms': 0.0}
{'username': 'root', 'name': 'kworker/1:1H', 'pid': 225, 'vms': 0.0}
{'username': 'root', 'name': 'jbd2/sda7-8', 'pid': 245, 'vms': 0.0}
{'username': 'root', 'name': 'ext4-rsv-conver', 'pid': 246, 'vms': 0.0}
{'username': 'root', 'name': 'kworker/3:1H', 'pid': 274, 'vms': 0.0}
{'username': 'root', 'name': 'systemd-journald', 'pid': 277, 'vms': 139.984375}
{'username': 'root', 'name': 'kworker/0:1H', 'pid': 287, 'vms': 0.0}
{'username': 'root', 'name': 'loop0', 'pid': 307, 'vms': 0.0}
{'username': 'root', 'name': 'loop1', 'pid': 309, 'vms': 0.0}
{'username': 'root', 'name': 'loop2', 'pid': 311, 'vms': 0.0}
{'username': 'root', 'name': 'loop3', 'pid': 313, 'vms': 0.0}
{'username': 'root', 'name': 'loop4', 'pid': 315, 'vms': 0.0}
{'username': 'root', 'name': 'loop5', 'pid': 317, 'vms': 0.0}
{'username': 'root', 'name': 'loop6', 'pid': 319, 'vms': 0.0}
{'username': 'root', 'name': 'loop7', 'pid': 321, 'vms': 0.0}
{'username': 'root', 'name': 'loop8', 'pid': 323, 'vms': 0.0}
{'username': 'root', 'name': 'loop9', 'pid': 325, 'vms': 0.0}
{'username': 'root', 'name': 'loop10', 'pid': 327, 'vms': 0.0}
{'username': 'root', 'name': 'loop11', 'pid': 330, 'vms': 0.0}
{'username': 'root', 'name': 'loop12', 'pid': 333, 'vms': 0.0}
{'username': 'root', 'name': 'loop13', 'pid': 334, 'vms': 0.0}
{'username': 'root', 'name': 'loop14', 'pid': 335, 'vms': 0.0}
{'username': 'root', 'name': 'loop15', 'pid': 340, 'vms': 0.0}
{'username': 'root', 'name': 'systemd-udevd', 'pid': 354, 'vms': 46.3125}
{'username': 'root', 'name': 'loop16', 'pid': 355, 'vms': 0.0}
{'username': 'root', 'name': 'loop17', 'pid': 356, 'vms': 0.0}
{'username': 'root', 'name': 'loop18', 'pid': 357, 'vms': 0.0}
{'username': 'root', 'name': 'loop19', 'pid': 358, 'vms': 0.0}
{'username': 'root', 'name': 'loop20', 'pid': 359, 'vms': 0.0}
{'username': 'root', 'name': 'loop21', 'pid': 361, 'vms': 0.0}
{'username': 'root', 'name': 'loop22', 'pid': 363, 'vms': 0.0}
{'username': 'root', 'name': 'loop23', 'pid': 364, 'vms': 0.0}
{'username': 'root', 'name': 'loop24', 'pid': 366, 'vms': 0.0}
{'username': 'root', 'name': 'loop25', 'pid': 367, 'vms': 0.0}
{'username': 'root', 'name': 'kworker/u9:1', 'pid': 480, 'vms': 0.0}
{'username': 'root', 'name': 'irq/87-SYNA2B33', 'pid': 524, 'vms': 0.0}
{'username': 'root', 'name': 'irq/128-mei_me', 'pid': 525, 'vms': 0.0}
{'username': 'root', 'name': 'cfg80211', 'pid': 539, 'vms': 0.0}
{'username': 'root', 'name': 'irq/129-iwlwifi', 'pid': 540, 'vms': 0.0}
{'username': 'root', 'name': 'rmi4-poller', 'pid': 601, 'vms': 0.0}
{'username': 'root', 'name': 'irq/130-i2c_hid', 'pid': 603, 'vms': 0.0}
{'username': 'systemd-timesync', 'name': 'systemd-timesyncd', 'pid': 857, 'vms': 142.6875}
{'username': 'systemd-resolve', 'name': 'systemd-resolved', 'pid': 858, 'vms': 68.97265625}
{'username': 'root', 'name': 'udisksd', 'pid': 865, 'vms': 492.1953125}
{'username': 'root', 'name': 'thermald', 'pid': 866, 'vms': 182.58203125}
{'username': 'avahi', 'name': 'avahi-daemon', 'pid': 867, 'vms': 46.15234375}
{'username': 'root', 'name': 'bluetoothd', 'pid': 869, 'vms': 35.65625}
{'username': 'root', 'name': 'ModemManager', 'pid': 871, 'vms': 417.25}
{'username': 'root', 'name': 'acpid', 'pid': 873, 'vms': 4.4453125}
{'username': 'root', 'name': 'accounts-daemon', 'pid': 875, 'vms': 287.84375}
{'username': 'syslog', 'name': 'rsyslogd', 'pid': 876, 'vms': 256.87109375}
{'username': 'root', 'name': 'networkd-dispat', 'pid': 877, 'vms': 173.5625}
{'username': 'root', 'name': 'systemd-logind', 'pid': 878, 'vms': 69.0859375}
{'username': 'root', 'name': 'irqbalance', 'pid': 880, 'vms': 107.890625}
{'username': 'messagebus', 'name': 'dbus-daemon', 'pid': 882, 'vms': 50.44140625}
{'username': 'root', 'name': 'wpa_supplicant', 'pid': 912, 'vms': 44.43359375}
{'username': 'root', 'name': 'NetworkManager', 'pid': 913, 'vms': 480.78125}
{'username': 'root', 'name': 'cupsd', 'pid': 917, 'vms': 105.16015625}
{'username': 'root', 'name': 'cron', 'pid': 918, 'vms': 37.52734375}
{'username': 'root', 'name': 'snapd', 'pid': 919, 'vms': 1345.08984375}
{'username': 'avahi', 'name': 'avahi-daemon', 'pid': 940, 'vms': 45.97265625}
{'username': 'root', 'name': 'cups-browsed', 'pid': 941, 'vms': 296.53515625}
{'username': 'root', 'name': 'polkitd', 'pid': 952, 'vms': 296.21875}
{'username': 'root', 'name': 'kube-scheduler', 'pid': 982, 'vms': 138.23828125}
{'username': 'root', 'name': 'etcd', 'pid': 984, 'vms': 10321.8671875}
{'username': 'root', 'name': 'kube-controller-manager', 'pid': 985, 'vms': 212.28125}
{'username': 'mongodb', 'name': 'mongod', 'pid': 1015, 'vms': 994.8046875}
{'username': 'root', 'name': 'apiservice-kick', 'pid': 1022, 'vms': 27.91015625}
{'username': 'root', 'name': 'gdm3', 'pid': 1168, 'vms': 300.96484375}
{'username': 'root', 'name': 'gdm-session-wor', 'pid': 1224, 'vms': 255.42578125}
{'username': 'mysql', 'name': 'mysqld', 'pid': 1245, 'vms': 1321.61328125}
{'username': 'gdm', 'name': 'systemd', 'pid': 1247, 'vms': 75.2265625}
{'username': 'gdm', 'name': '(sd-pam)', 'pid': 1248, 'vms': 111.6328125}
{'username': 'gdm', 'name': 'gdm-wayland-session', 'pid': 1270, 'vms': 193.1640625}
{'username': 'gdm', 'name': 'dbus-daemon', 'pid': 1272, 'vms': 49.1640625}
{'username': 'gdm', 'name': 'gnome-session-binary', 'pid': 1274, 'vms': 753.98046875}
{'username': 'root', 'name': 'dhclient', 'pid': 1346, 'vms': 25.3828125}
{'username': 'gdm', 'name': 'gnome-shell', 'pid': 1449, 'vms': 3356.01953125}
{'username': 'whoopsie', 'name': 'whoopsie', 'pid': 1471, 'vms': 379.33984375}
{'username': 'kernoops', 'name': 'kerneloops', 'pid': 1472, 'vms': 55.60546875}
{'username': 'kernoops', 'name': 'kerneloops', 'pid': 1474, 'vms': 55.60546875}
{'username': 'root', 'name': 'upowerd', 'pid': 1723, 'vms': 314.98828125}
{'username': 'root', 'name': 'containerd', 'pid': 1754, 'vms': 522.93359375}
{'username': 'root', 'name': 'kube-apiserver', 'pid': 1768, 'vms': 393.79296875}
{'username': 'root', 'name': 'kube-proxy', 'pid': 1803, 'vms': 136.51953125}
{'username': 'root', 'name': 'kubelet', 'pid': 1824, 'vms': 1456.0625}
{'username': 'gdm', 'name': 'Xwayland', 'pid': 1931, 'vms': 527.5546875}
{'username': 'gdm', 'name': 'at-spi-bus-launcher', 'pid': 1969, 'vms': 341.0859375}
{'username': 'gdm', 'name': 'dbus-daemon', 'pid': 1975, 'vms': 48.7578125}
{'username': 'gdm', 'name': 'at-spi2-registryd', 'pid': 1977, 'vms': 215.58984375}
{'username': 'gdm', 'name': 'pulseaudio', 'pid': 1983, 'vms': 1382.49609375}
{'username': 'rtkit', 'name': 'rtkit-daemon', 'pid': 1987, 'vms': 179.203125}
{'username': 'gdm', 'name': 'ibus-daemon', 'pid': 2033, 'vms': 352.8984375}
{'username': 'gdm', 'name': 'ibus-dconf', 'pid': 2036, 'vms': 274.0390625}
{'username': 'gdm', 'name': 'ibus-x11', 'pid': 2038, 'vms': 393.02734375}
{'username': 'gdm', 'name': 'ibus-portal', 'pid': 2041, 'vms': 272.03125}
{'username': 'root', 'name': 'boltd', 'pid': 2064, 'vms': 289.859375}
{'username': 'root', 'name': 'packagekitd', 'pid': 2065, 'vms': 438.63671875}
{'username': 'gdm', 'name': 'gsd-xsettings', 'pid': 2066, 'vms': 540.05859375}
{'username': 'gdm', 'name': 'gsd-a11y-settings', 'pid': 2070, 'vms': 271.63671875}
{'username': 'gdm', 'name': 'gsd-clipboard', 'pid': 2073, 'vms': 392.65234375}
{'username': 'gdm', 'name': 'gsd-color', 'pid': 2077, 'vms': 709.5234375}
{'username': 'gdm', 'name': 'gsd-datetime', 'pid': 2079, 'vms': 384.48046875}
{'username': 'gdm', 'name': 'gsd-housekeeping', 'pid': 2080, 'vms': 277.08984375}
{'username': 'gdm', 'name': 'gsd-keyboard', 'pid': 2081, 'vms': 543.42578125}
{'username': 'gdm', 'name': 'gsd-media-keys', 'pid': 2082, 'vms': 1111.484375}
{'username': 'gdm', 'name': 'gsd-mouse', 'pid': 2086, 'vms': 197.265625}
{'username': 'gdm', 'name': 'gsd-power', 'pid': 2087, 'vms': 836.76953125}
{'username': 'gdm', 'name': 'gsd-print-notifications', 'pid': 2089, 'vms': 260.75}
{'username': 'gdm', 'name': 'gsd-rfkill', 'pid': 2093, 'vms': 197.28515625}
{'username': 'gdm', 'name': 'gsd-screensaver-proxy', 'pid': 2096, 'vms': 269.2734375}
{'username': 'gdm', 'name': 'gsd-sharing', 'pid': 2099, 'vms': 297.953125}
{'username': 'gdm', 'name': 'gsd-smartcard', 'pid': 2101, 'vms': 369.07421875}
{'username': 'gdm', 'name': 'gsd-sound', 'pid': 2105, 'vms': 325.0546875}
{'username': 'gdm', 'name': 'gsd-wacom', 'pid': 2106, 'vms': 475.80859375}
{'username': 'gdm', 'name': 'dconf-service', 'pid': 2122, 'vms': 183.375}
{'username': 'gdm', 'name': 'ibus-engine-simple', 'pid': 2165, 'vms': 200.08984375}
{'username': 'colord', 'name': 'colord', 'pid': 2230, 'vms': 317.375}
{'username': 'root', 'name': 'gdm-session-wor', 'pid': 2305, 'vms': 261.46875}
{'username': 'lenovo', 'name': 'systemd', 'pid': 2328, 'vms': 75.33984375}
{'username': 'lenovo', 'name': '(sd-pam)', 'pid': 2329, 'vms': 111.6328125}
{'username': 'lenovo', 'name': 'gnome-keyring-daemon', 'pid': 2342, 'vms': 281.59765625}
{'username': 'lenovo', 'name': 'gdm-x-session', 'pid': 2347, 'vms': 207.16015625}
{'username': 'lenovo', 'name': 'Xorg', 'pid': 2349, 'vms': 356.15234375}
{'username': 'lenovo', 'name': 'dbus-daemon', 'pid': 2403, 'vms': 49.79296875}
{'username': 'lenovo', 'name': 'gnome-session-binary', 'pid': 2406, 'vms': 546.19921875}
{'username': 'lenovo', 'name': 'ssh-agent', 'pid': 2529, 'vms': 11.0390625}
{'username': 'lenovo', 'name': 'at-spi-bus-launcher', 'pid': 2531, 'vms': 341.11328125}
{'username': 'lenovo', 'name': 'dbus-daemon', 'pid': 2536, 'vms': 48.7578125}
{'username': 'lenovo', 'name': 'at-spi2-registryd', 'pid': 2538, 'vms': 215.61328125}
{'username': 'lenovo', 'name': 'gnome-shell', 'pid': 2555, 'vms': 3346.68359375}
{'username': 'lenovo', 'name': 'gvfsd', 'pid': 2561, 'vms': 285.125}
{'username': 'lenovo', 'name': 'gvfsd-fuse', 'pid': 2566, 'vms': 406.36328125}
{'username': 'lenovo', 'name': 'pulseaudio', 'pid': 2577, 'vms': 1400.99609375}
{'username': 'root', 'name': 'krfcommd', 'pid': 2581, 'vms': 0.0}
{'username': 'lenovo', 'name': 'ibus-daemon', 'pid': 2606, 'vms': 353.40625}
{'username': 'lenovo', 'name': 'gnome-shell-calendar-server', 'pid': 2610, 'vms': 673.46875}
{'username': 'lenovo', 'name': 'ibus-dconf', 'pid': 2612, 'vms': 274.17578125}
{'username': 'lenovo', 'name': 'ibus-x11', 'pid': 2614, 'vms': 335.81640625}
{'username': 'lenovo', 'name': 'ibus-portal', 'pid': 2617, 'vms': 272.03125}
{'username': 'lenovo', 'name': 'dconf-service', 'pid': 2634, 'vms': 183.6328125}
{'username': 'lenovo', 'name': 'gvfs-udisks2-volume-monitor', 'pid': 2637, 'vms': 299.37109375}
{'username': 'lenovo', 'name': 'gvfs-mtp-volume-monitor', 'pid': 2641, 'vms': 269.40625}
{'username': 'lenovo', 'name': 'gvfs-afc-volume-monitor', 'pid': 2645, 'vms': 369.9375}
{'username': 'lenovo', 'name': 'gvfs-gphoto2-volume-monitor', 'pid': 2650, 'vms': 281.89453125}
{'username': 'lenovo', 'name': 'gvfs-goa-volume-monitor', 'pid': 2654, 'vms': 267.62109375}
{'username': 'lenovo', 'name': 'goa-daemon', 'pid': 2658, 'vms': 757.9375}
{'username': 'lenovo', 'name': 'evolution-source-registry', 'pid': 2662, 'vms': 1275.98046875}
{'username': 'lenovo', 'name': 'goa-identity-service', 'pid': 2675, 'vms': 296.25}
{'username': 'lenovo', 'name': 'gsd-power', 'pid': 2680, 'vms': 779.4921875}
{'username': 'lenovo', 'name': 'gsd-print-notifications', 'pid': 2681, 'vms': 341.1328125}
{'username': 'lenovo', 'name': 'gsd-rfkill', 'pid': 2683, 'vms': 413.42578125}
{'username': 'lenovo', 'name': 'gsd-screensaver-proxy', 'pid': 2684, 'vms': 269.2734375}
{'username': 'lenovo', 'name': 'gsd-sharing', 'pid': 2689, 'vms': 442.22265625}
{'username': 'lenovo', 'name': 'gsd-smartcard', 'pid': 2692, 'vms': 441.08203125}
{'username': 'lenovo', 'name': 'gsd-sound', 'pid': 2694, 'vms': 325.05859375}
{'username': 'lenovo', 'name': 'gsd-xsettings', 'pid': 2706, 'vms': 482.87890625}
{'username': 'lenovo', 'name': 'gsd-wacom', 'pid': 2707, 'vms': 418.3125}
{'username': 'lenovo', 'name': 'gsd-a11y-settings', 'pid': 2714, 'vms': 271.640625}
{'username': 'lenovo', 'name': 'gsd-clipboard', 'pid': 2720, 'vms': 335.4375}
{'username': 'lenovo', 'name': 'gsd-color', 'pid': 2722, 'vms': 652.3515625}
{'username': 'lenovo', 'name': 'gsd-datetime', 'pid': 2725, 'vms': 458.73046875}
{'username': 'lenovo', 'name': 'gsd-housekeeping', 'pid': 2726, 'vms': 356.80078125}
{'username': 'lenovo', 'name': 'gsd-keyboard', 'pid': 2728, 'vms': 486.23046875}
{'username': 'lenovo', 'name': 'gsd-media-keys', 'pid': 2732, 'vms': 918.1640625}
{'username': 'lenovo', 'name': 'gsd-mouse', 'pid': 2735, 'vms': 271.6484375}
{'username': 'lenovo', 'name': 'gsd-printer', 'pid': 2761, 'vms': 496.83203125}
{'username': 'lenovo', 'name': 'gsd-disk-utility-notify', 'pid': 2791, 'vms': 265.5625}
{'username': 'lenovo', 'name': 'gnome-software', 'pid': 2792, 'vms': 1288.94140625}
{'username': 'lenovo', 'name': 'nautilus-desktop', 'pid': 2803, 'vms': 1468.16015625}
{'username': 'lenovo', 'name': 'evolution-calendar-factory', 'pid': 2818, 'vms': 871.140625}
{'username': 'lenovo', 'name': 'ibus-engine-simple', 'pid': 2826, 'vms': 200.0859375}
{'username': 'lenovo', 'name': 'gvfsd-trash', 'pid': 2839, 'vms': 359.609375}
{'username': 'lenovo', 'name': 'nautilus', 'pid': 2857, 'vms': 838.57421875}
{'username': 'lenovo', 'name': 'evolution-calendar-factory-subprocess', 'pid': 2873, 'vms': 1109.17578125}
{'username': 'lenovo', 'name': 'evolution-addressbook-factory', 'pid': 2882, 'vms': 715.51171875}
{'username': 'lenovo', 'name': 'evolution-addressbook-factory-subprocess', 'pid': 2895, 'vms': 849.33984375}
{'username': 'root', 'name': 'fwupd', 'pid': 2919, 'vms': 547.453125}
{'username': 'lenovo', 'name': 'gvfsd-metadata', 'pid': 2940, 'vms': 202.23828125}
{'username': 'root', 'name': 'kworker/u8:5', 'pid': 3077, 'vms': 0.0}
{'username': 'lenovo', 'name': 'update-notifier', 'pid': 3210, 'vms': 577.6328125}
{'username': 'lenovo', 'name': 'deja-dup-monitor', 'pid': 3591, 'vms': 770.984375}
{'username': 'lenovo', 'name': 'gnome-terminal-server', 'pid': 4550, 'vms': 780.95703125}
{'username': 'lenovo', 'name': 'bash', 'pid': 4559, 'vms': 29.25}
{'username': 'root', 'name': 'kworker/0:2', 'pid': 15930, 'vms': 0.0}
{'username': 'root', 'name': 'kworker/3:1', 'pid': 16524, 'vms': 0.0}
{'username': 'root', 'name': 'kworker/1:0', 'pid': 18683, 'vms': 0.0}
{'username': 'root', 'name': 'kworker/u8:0', 'pid': 20329, 'vms': 0.0}
{'username': 'root', 'name': 'kworker/2:2', 'pid': 22065, 'vms': 0.0}
{'username': 'root', 'name': 'kworker/u8:1', 'pid': 23544, 'vms': 0.0}
{'username': 'root', 'name': 'kworker/1:1', 'pid': 26257, 'vms': 0.0}
{'username': 'root', 'name': 'kworker/2:0', 'pid': 26789, 'vms': 0.0}
{'username': 'root', 'name': 'kworker/3:0', 'pid': 26866, 'vms': 0.0}
{'username': 'root', 'name': 'kworker/1:2', 'pid': 26920, 'vms': 0.0}
{'username': 'root', 'name': 'kworker/0:0', 'pid': 27399, 'vms': 0.0}
{'username': 'root', 'name': 'kworker/2:1', 'pid': 28342, 'vms': 0.0}
{'username': 'root', 'name': 'kworker/3:2', 'pid': 28428, 'vms': 0.0}
{'username': 'root', 'name': 'kworker/0:1', 'pid': 28915, 'vms': 0.0}
{'username': 'root', 'name': 'kworker/u8:2', 'pid': 28971, 'vms': 0.0}
{'username': 'root', 'name': 'sleep', 'pid': 29731, 'vms': 14.0859375}
{'username': 'lenovo', 'name': 'python', 'pid': 29732, 'vms': 54.984375}
